0 verbose cli D:\nodejs\node.exe D:\nodejs\node_modules\npm\bin\npm-cli.js
1 info using npm@11.11.0
2 info using node@v24.14.1
3 silly config load:file:D:\nodejs\node_modules\npm\npmrc
4 silly config load:file:D:\github\Memento\memento-ai-frontend\.npmrc
5 silly config load:file:C:\Users\DELL\.npmrc
6 silly config load:file:D:\github\Memento\memento-ai-frontend\nodejs\node_global\etc\npmrc
7 verbose title npm install three
8 verbose argv "install" "three"
9 verbose logfile logs-max:10 dir:D:\github\Memento\memento-ai-frontend\nodejs\node_cachel\_logs\2026-05-13T16_18_47_768Z-
10 verbose logfile D:\github\Memento\memento-ai-frontend\nodejs\node_cachel\_logs\2026-05-13T16_18_47_768Z-debug-0.log
11 silly logfile done cleaning log files
12 silly packumentCache heap:4496293888 maxSize:1124073472 maxEntrySize:562036736
13 verbose shrinkwrap failed to load node_modules/.package-lock.json out of date, updated: node_modules
14 silly idealTree buildDeps
15 silly fetch manifest three@*
16 silly packumentCache full:https://registry.npmjs.org/three cache-miss
17 http fetch GET https://registry.npmjs.org/three attempt 1 failed with ETIMEDOUT
18 http fetch GET https://registry.npmjs.org/three attempt 2 failed with ETIMEDOUT
19 http fetch GET https://registry.npmjs.org/three attempt 3 failed with ETIMEDOUT
20 silly placeDep ROOT three@ OK for: memento-ai-frontend@0.0.0 want: *
21 verbose type system
22 verbose stack FetchError: request to https://registry.npmjs.org/three failed, reason: 
22 verbose stack     at ClientRequest.<anonymous> (D:\nodejs\node_modules\npm\node_modules\minipass-fetch\lib\index.js:130:14)
22 verbose stack     at ClientRequest.emit (node:events:508:28)
22 verbose stack     at emitErrorEvent (node:_http_client:108:11)
22 verbose stack     at _destroy (node:_http_client:963:9)
22 verbose stack     at onSocketNT (node:_http_client:983:5)
22 verbose stack     at process.processTicksAndRejections (node:internal/process/task_queues:91:21)
23 error code ETIMEDOUT
24 error errno ETIMEDOUT
25 error network request to https://registry.npmjs.org/three failed, reason: 
26 error network This is a problem related to network connectivity.
26 error network In most cases you are behind a proxy or have bad network settings.
26 error network
26 error network If you are behind a proxy, please make sure that the
26 error network 'proxy' config is set properly.  See: 'npm help config'
27 silly unfinished npm timer reify 1778689128639
28 silly unfinished npm timer reify:loadTrees 1778689128642
29 verbose cwd D:\github\Memento\memento-ai-frontend
30 verbose os Windows_NT 10.0.26200
31 verbose node v24.14.1
32 verbose npm  v11.11.0
33 verbose exit 1
34 verbose code 1
35 error A complete log of this run can be found in: D:\github\Memento\memento-ai-frontend\nodejs\node_cachel\_logs\2026-05-13T16_18_47_768Z-debug-0.log
