0 verbose cli D:\nodejs\node.exe D:\nodejs\node_modules\npm\bin\npm-cli.js
1 info using npm@11.11.0
2 info using node@v24.14.1
3 silly config load:file:D:\nodejs\node_modules\npm\npmrc
4 silly config load:file:D:\github\Memento\memento-ai-frontend\.npmrc
5 silly config load:file:C:\Users\DELL\.npmrc
6 silly config load:file:D:\github\Memento\memento-ai-frontend\nodejs\node_global\etc\npmrc
7 verbose title npm install three
8 verbose argv "install" "three" "--registry" "https://registry.npmmirror.com"
9 verbose logfile logs-max:10 dir:D:\github\Memento\memento-ai-frontend\nodejs\node_cachel\_logs\2026-05-13T16_21_28_399Z-
10 verbose logfile D:\github\Memento\memento-ai-frontend\nodejs\node_cachel\_logs\2026-05-13T16_21_28_399Z-debug-0.log
11 silly logfile done cleaning log files
12 silly packumentCache heap:4496293888 maxSize:1124073472 maxEntrySize:562036736
13 silly idealTree buildDeps
14 silly fetch manifest three@*
15 silly packumentCache full:https://registry.npmmirror.com/three cache-miss
16 verbose shrinkwrap failed to load node_modules/.package-lock.json out of date, updated: node_modules
17 http fetch GET 200 https://registry.npmmirror.com/three 602ms (cache miss)
18 silly packumentCache full:https://registry.npmmirror.com/three set size:126148 disposed:false
19 silly placeDep ROOT three@0.184.0 OK for: memento-ai-frontend@0.0.0 want: *
20 silly reify moves {}
21 silly audit bulk request {
21 silly audit   '@babel/helper-string-parser': [ '7.27.1' ],
21 silly audit   '@babel/helper-validator-identifier': [ '7.28.5' ],
21 silly audit   '@babel/parser': [ '7.29.3' ],
21 silly audit   '@babel/types': [ '7.29.0' ],
21 silly audit   '@ctrl/tinycolor': [ '4.2.0' ],
21 silly audit   '@element-plus/icons-vue': [ '2.3.2' ],
21 silly audit   '@esbuild/android-arm': [ '0.18.20' ],
21 silly audit   '@esbuild/android-arm64': [ '0.18.20' ],
21 silly audit   '@esbuild/android-x64': [ '0.18.20' ],
21 silly audit   '@esbuild/darwin-arm64': [ '0.18.20' ],
21 silly audit   '@esbuild/darwin-x64': [ '0.18.20' ],
21 silly audit   '@esbuild/freebsd-arm64': [ '0.18.20' ],
21 silly audit   '@esbuild/freebsd-x64': [ '0.18.20' ],
21 silly audit   '@esbuild/linux-arm': [ '0.18.20' ],
21 silly audit   '@esbuild/linux-arm64': [ '0.18.20' ],
21 silly audit   '@esbuild/linux-ia32': [ '0.18.20' ],
21 silly audit   '@esbuild/linux-loong64': [ '0.18.20' ],
21 silly audit   '@esbuild/linux-mips64el': [ '0.18.20' ],
21 silly audit   '@esbuild/linux-ppc64': [ '0.18.20' ],
21 silly audit   '@esbuild/linux-riscv64': [ '0.18.20' ],
21 silly audit   '@esbuild/linux-s390x': [ '0.18.20' ],
21 silly audit   '@esbuild/linux-x64': [ '0.18.20' ],
21 silly audit   '@esbuild/netbsd-x64': [ '0.18.20' ],
21 silly audit   '@esbuild/openbsd-x64': [ '0.18.20' ],
21 silly audit   '@esbuild/sunos-x64': [ '0.18.20' ],
21 silly audit   '@esbuild/win32-arm64': [ '0.18.20' ],
21 silly audit   '@esbuild/win32-ia32': [ '0.18.20' ],
21 silly audit   '@esbuild/win32-x64': [ '0.18.20' ],
21 silly audit   '@floating-ui/core': [ '1.7.5' ],
21 silly audit   '@floating-ui/dom': [ '1.7.6' ],
21 silly audit   '@floating-ui/utils': [ '0.2.11' ],
21 silly audit   '@jridgewell/sourcemap-codec': [ '1.5.5' ],
21 silly audit   '@parcel/watcher': [ '2.5.6' ],
21 silly audit   '@parcel/watcher-android-arm64': [ '2.5.6' ],
21 silly audit   '@parcel/watcher-darwin-arm64': [ '2.5.6' ],
21 silly audit   '@parcel/watcher-darwin-x64': [ '2.5.6' ],
21 silly audit   '@parcel/watcher-freebsd-x64': [ '2.5.6' ],
21 silly audit   '@parcel/watcher-linux-arm-glibc': [ '2.5.6' ],
21 silly audit   '@parcel/watcher-linux-arm-musl': [ '2.5.6' ],
21 silly audit   '@parcel/watcher-linux-arm64-glibc': [ '2.5.6' ],
21 silly audit   '@parcel/watcher-linux-arm64-musl': [ '2.5.6' ],
21 silly audit   '@parcel/watcher-linux-x64-glibc': [ '2.5.6' ],
21 silly audit   '@parcel/watcher-linux-x64-musl': [ '2.5.6' ],
21 silly audit   '@parcel/watcher-win32-arm64': [ '2.5.6' ],
21 silly audit   '@parcel/watcher-win32-ia32': [ '2.5.6' ],
21 silly audit   '@parcel/watcher-win32-x64': [ '2.5.6' ],
21 silly audit   '@sxzz/popperjs-es': [ '2.11.8' ],
21 silly audit   '@types/lodash': [ '4.17.24' ],
21 silly audit   '@types/lodash-es': [ '4.17.12' ],
21 silly audit   '@types/web-bluetooth': [ '0.0.21' ],
21 silly audit   '@vitejs/plugin-vue': [ '4.6.2' ],
21 silly audit   '@vue/compiler-core': [ '3.5.34' ],
21 silly audit   '@vue/compiler-dom': [ '3.5.34' ],
21 silly audit   '@vue/compiler-sfc': [ '3.5.34' ],
21 silly audit   '@vue/compiler-ssr': [ '3.5.34' ],
21 silly audit   '@vue/devtools-api': [ '6.6.4' ],
21 silly audit   '@vue/reactivity': [ '3.5.34' ],
21 silly audit   '@vue/runtime-core': [ '3.5.34' ],
21 silly audit   '@vue/runtime-dom': [ '3.5.34' ],
21 silly audit   '@vue/server-renderer': [ '3.5.34' ],
21 silly audit   '@vue/shared': [ '3.5.34' ],
21 silly audit   '@vueuse/core': [ '14.3.0' ],
21 silly audit   '@vueuse/metadata': [ '14.3.0' ],
21 silly audit   '@vueuse/shared': [ '14.3.0' ],
21 silly audit   'async-validator': [ '4.2.5' ],
21 silly audit   asynckit: [ '0.4.0' ],
21 silly audit   axios: [ '1.16.0' ],
21 silly audit   'call-bind-apply-helpers': [ '1.0.2' ],
21 silly audit   chokidar: [ '4.0.3' ],
21 silly audit   'combined-stream': [ '1.0.8' ],
21 silly audit   csstype: [ '3.2.3' ],
21 silly audit   dayjs: [ '1.11.20' ],
21 silly audit   'delayed-stream': [ '1.0.0' ],
21 silly audit   'detect-libc': [ '2.1.2' ],
21 silly audit   'dunder-proto': [ '1.0.1' ],
21 silly audit   echarts: [ '5.6.0' ],
21 silly audit   'element-plus': [ '2.14.0' ],
21 silly audit   entities: [ '7.0.1' ],
21 silly audit   'es-define-property': [ '1.0.1' ],
21 silly audit   'es-errors': [ '1.3.0' ],
21 silly audit   'es-object-atoms': [ '1.1.1' ],
21 silly audit   'es-set-tostringtag': [ '2.1.0' ],
21 silly audit   esbuild: [ '0.18.20' ],
21 silly audit   'estree-walker': [ '2.0.2' ],
21 silly audit   'follow-redirects': [ '1.16.0' ],
21 silly audit   'form-data': [ '4.0.5' ],
21 silly audit   fsevents: [ '2.3.3' ],
21 silly audit   'function-bind': [ '1.1.2' ],
21 silly audit   'get-intrinsic': [ '1.3.0' ],
21 silly audit   'get-proto': [ '1.0.1' ],
21 silly audit   gopd: [ '1.2.0' ],
21 silly audit   'has-symbols': [ '1.1.0' ],
21 silly audit   'has-tostringtag': [ '1.0.2' ],
21 silly audit   hasown: [ '2.0.3' ],
21 silly audit   immutable: [ '5.1.5' ],
21 silly audit   'is-extglob': [ '2.1.1' ],
21 silly audit   'is-glob': [ '4.0.3' ],
21 silly audit   lodash: [ '4.18.1' ],
21 silly audit   'lodash-es': [ '4.18.1' ],
21 silly audit   'lodash-unified': [ '1.0.3' ],
21 silly audit   'magic-string': [ '0.30.21' ],
21 silly audit   'math-intrinsics': [ '1.1.0' ],
21 silly audit   'memoize-one': [ '6.0.0' ],
21 silly audit   'mime-db': [ '1.52.0' ],
21 silly audit   'mime-types': [ '2.1.35' ],
21 silly audit   nanoid: [ '3.3.12' ],
21 silly audit   'node-addon-api': [ '7.1.1' ],
21 silly audit   'normalize-wheel-es': [ '1.2.0' ],
21 silly audit   picocolors: [ '1.1.1' ],
21 silly audit   picomatch: [ '4.0.4' ],
21 silly audit   pinia: [ '2.3.1' ],
21 silly audit   postcss: [ '8.5.14' ],
21 silly audit   'proxy-from-env': [ '2.1.0' ],
21 silly audit   readdirp: [ '4.1.2' ],
21 silly audit   rollup: [ '3.30.0' ],
21 silly audit   sass: [ '1.99.0' ],
21 silly audit   'source-map-js': [ '1.2.1' ],
21 silly audit   tslib: [ '2.3.0' ],
21 silly audit   vite: [ '4.5.14' ],
21 silly audit   vue: [ '3.5.34' ],
21 silly audit   'vue-component-type-helpers': [ '3.2.8' ],
21 silly audit   'vue-demi': [ '0.14.10' ],
21 silly audit   'vue-router': [ '4.6.4' ],
21 silly audit   zrender: [ '5.6.1' ],
21 silly audit   three: [ '0.184.0' ]
21 silly audit }
22 http cache three@https://registry.npmmirror.com/three/-/three-0.184.0.tgz 0ms (cache hit)
23 silly tarball no local data for three@https://registry.npmmirror.com/three/-/three-0.184.0.tgz. Extracting by manifest.
24 http fetch POST 404 https://registry.npmmirror.com/-/npm/v1/security/advisories/bulk 44ms
25 verbose audit error HttpErrorGeneral: 404 Not Found - POST https://registry.npmmirror.com/-/npm/v1/security/advisories/bulk - [NOT_IMPLEMENTED] /-/npm/v1/security/* not implemented yet
25 verbose audit error     at D:\nodejs\node_modules\npm\node_modules\npm-registry-fetch\lib\check-response.js:103:15
25 verbose audit error     at process.processTicksAndRejections (node:internal/process/task_queues:104:5)
25 verbose audit error     at async #getReport (D:\nodejs\node_modules\npm\node_modules\@npmcli\arborist\lib\audit-report.js:275:19)
25 verbose audit error     at async AuditReport.run (D:\nodejs\node_modules\npm\node_modules\@npmcli\arborist\lib\audit-report.js:100:19) {
25 verbose audit error   headers: [Object: null prototype] {
25 verbose audit error     server: [ 'Tengine' ],
25 verbose audit error     date: [ 'Wed, 13 May 2026 16:21:29 GMT' ],
25 verbose audit error     'content-type': [ 'application/json' ],
25 verbose audit error     'transfer-encoding': [ 'chunked' ],
25 verbose audit error     connection: [ 'keep-alive' ],
25 verbose audit error     'strict-transport-security': [ 'max-age=5184000' ],
25 verbose audit error     via: [ 'kunlun10.cn5266[,404666]' ],
25 verbose audit error     'timing-allow-origin': [ '*' ],
25 verbose audit error     eagleid: [ '8ccff79e17786892895293657e' ],
25 verbose audit error     'x-fetch-attempts': [ '1' ]
25 verbose audit error   },
25 verbose audit error   statusCode: 404,
25 verbose audit error   code: 'E404',
25 verbose audit error   method: 'POST',
25 verbose audit error   uri: 'https://registry.npmmirror.com/-/npm/v1/security/advisories/bulk',
25 verbose audit error   body: {
25 verbose audit error     error: '[NOT_IMPLEMENTED] /-/npm/v1/security/* not implemented yet'
25 verbose audit error   },
25 verbose audit error   pkgid: undefined
25 verbose audit error }
26 silly audit error [object Object]
27 silly audit report null
28 http fetch GET 200 https://cdn.npmmirror.com/packages/three/0.184.0/three-0.184.0.tgz 4328ms (cache miss)
29 silly ADD node_modules/three
30 verbose cwd D:\github\Memento\memento-ai-frontend
31 verbose os Windows_NT 10.0.26200
32 verbose node v24.14.1
33 verbose npm  v11.11.0
34 verbose exit 0
35 info ok
