0 verbose cli D:\nodejs\node.exe D:\nodejs\node_modules\npm\bin\npm-cli.js
1 info using npm@11.11.0
2 info using node@v24.14.1
3 silly config load:file:D:\nodejs\node_modules\npm\npmrc
4 silly config load:file:D:\github\Memento\memento-ai-frontend\.npmrc
5 silly config load:file:C:\Users\DELL\.npmrc
6 silly config load:file:D:\github\Memento\memento-ai-frontend\nodejs\node_global\etc\npmrc
7 verbose title npm install
8 verbose argv "install"
9 verbose logfile logs-max:10 dir:D:\github\Memento\memento-ai-frontend\nodejs\node_cachel\_logs\2026-05-30T15_16_23_333Z-
10 verbose logfile D:\github\Memento\memento-ai-frontend\nodejs\node_cachel\_logs\2026-05-30T15_16_23_333Z-debug-0.log
11 silly logfile start cleaning logs, removing 1 files
12 silly packumentCache heap:4496293888 maxSize:1124073472 maxEntrySize:562036736
13 silly logfile done cleaning log files
14 silly idealTree buildDeps
15 verbose shrinkwrap failed to load node_modules/.package-lock.json out of date, updated: node_modules
16 silly reify moves {}
17 silly audit bulk request {
17 silly audit   '@babel/helper-string-parser': [ '7.27.1' ],
17 silly audit   '@babel/helper-validator-identifier': [ '7.28.5' ],
17 silly audit   '@babel/parser': [ '7.29.3' ],
17 silly audit   '@babel/runtime': [ '7.29.2' ],
17 silly audit   '@babel/types': [ '7.29.0' ],
17 silly audit   '@ctrl/tinycolor': [ '4.2.0' ],
17 silly audit   '@element-plus/icons-vue': [ '2.3.2' ],
17 silly audit   '@esbuild/android-arm': [ '0.18.20' ],
17 silly audit   '@esbuild/android-arm64': [ '0.18.20' ],
17 silly audit   '@esbuild/android-x64': [ '0.18.20' ],
17 silly audit   '@esbuild/darwin-arm64': [ '0.18.20' ],
17 silly audit   '@esbuild/darwin-x64': [ '0.18.20' ],
17 silly audit   '@esbuild/freebsd-arm64': [ '0.18.20' ],
17 silly audit   '@esbuild/freebsd-x64': [ '0.18.20' ],
17 silly audit   '@esbuild/linux-arm': [ '0.18.20' ],
17 silly audit   '@esbuild/linux-arm64': [ '0.18.20' ],
17 silly audit   '@esbuild/linux-ia32': [ '0.18.20' ],
17 silly audit   '@esbuild/linux-loong64': [ '0.18.20' ],
17 silly audit   '@esbuild/linux-mips64el': [ '0.18.20' ],
17 silly audit   '@esbuild/linux-ppc64': [ '0.18.20' ],
17 silly audit   '@esbuild/linux-riscv64': [ '0.18.20' ],
17 silly audit   '@esbuild/linux-s390x': [ '0.18.20' ],
17 silly audit   '@esbuild/linux-x64': [ '0.18.20' ],
17 silly audit   '@esbuild/netbsd-x64': [ '0.18.20' ],
17 silly audit   '@esbuild/openbsd-x64': [ '0.18.20' ],
17 silly audit   '@esbuild/sunos-x64': [ '0.18.20' ],
17 silly audit   '@esbuild/win32-arm64': [ '0.18.20' ],
17 silly audit   '@esbuild/win32-ia32': [ '0.18.20' ],
17 silly audit   '@esbuild/win32-x64': [ '0.18.20' ],
17 silly audit   '@floating-ui/core': [ '1.7.5' ],
17 silly audit   '@floating-ui/dom': [ '1.7.6' ],
17 silly audit   '@floating-ui/utils': [ '0.2.11' ],
17 silly audit   '@jridgewell/sourcemap-codec': [ '1.5.5' ],
17 silly audit   '@mediapipe/camera_utils': [ '0.3.1675466862' ],
17 silly audit   '@mediapipe/drawing_utils': [ '0.3.1675466124' ],
17 silly audit   '@mediapipe/hands': [ '0.4.1675469240' ],
17 silly audit   '@parcel/watcher': [ '2.5.6' ],
17 silly audit   '@parcel/watcher-android-arm64': [ '2.5.6' ],
17 silly audit   '@parcel/watcher-darwin-arm64': [ '2.5.6' ],
17 silly audit   '@parcel/watcher-darwin-x64': [ '2.5.6' ],
17 silly audit   '@parcel/watcher-freebsd-x64': [ '2.5.6' ],
17 silly audit   '@parcel/watcher-linux-arm-glibc': [ '2.5.6' ],
17 silly audit   '@parcel/watcher-linux-arm-musl': [ '2.5.6' ],
17 silly audit   '@parcel/watcher-linux-arm64-glibc': [ '2.5.6' ],
17 silly audit   '@parcel/watcher-linux-arm64-musl': [ '2.5.6' ],
17 silly audit   '@parcel/watcher-linux-x64-glibc': [ '2.5.6' ],
17 silly audit   '@parcel/watcher-linux-x64-musl': [ '2.5.6' ],
17 silly audit   '@parcel/watcher-win32-arm64': [ '2.5.6' ],
17 silly audit   '@parcel/watcher-win32-ia32': [ '2.5.6' ],
17 silly audit   '@parcel/watcher-win32-x64': [ '2.5.6' ],
17 silly audit   '@sxzz/popperjs-es': [ '2.11.8' ],
17 silly audit   '@types/lodash': [ '4.17.24' ],
17 silly audit   '@types/lodash-es': [ '4.17.12' ],
17 silly audit   '@types/pako': [ '2.0.4' ],
17 silly audit   '@types/raf': [ '3.4.3' ],
17 silly audit   '@types/trusted-types': [ '2.0.7' ],
17 silly audit   '@types/web-bluetooth': [ '0.0.21' ],
17 silly audit   '@vitejs/plugin-vue': [ '4.6.2' ],
17 silly audit   '@vue/compiler-core': [ '3.5.34' ],
17 silly audit   '@vue/compiler-dom': [ '3.5.34' ],
17 silly audit   '@vue/compiler-sfc': [ '3.5.34' ],
17 silly audit   '@vue/compiler-ssr': [ '3.5.34' ],
17 silly audit   '@vue/devtools-api': [ '6.6.4' ],
17 silly audit   '@vue/reactivity': [ '3.5.34' ],
17 silly audit   '@vue/runtime-core': [ '3.5.34' ],
17 silly audit   '@vue/runtime-dom': [ '3.5.34' ],
17 silly audit   '@vue/server-renderer': [ '3.5.34' ],
17 silly audit   '@vue/shared': [ '3.5.34' ],
17 silly audit   '@vueuse/core': [ '14.3.0' ],
17 silly audit   '@vueuse/metadata': [ '14.3.0' ],
17 silly audit   '@vueuse/shared': [ '14.3.0' ],
17 silly audit   'async-validator': [ '4.2.5' ],
17 silly audit   asynckit: [ '0.4.0' ],
17 silly audit   axios: [ '1.16.0' ],
17 silly audit   'base64-arraybuffer': [ '1.0.2' ],
17 silly audit   'call-bind-apply-helpers': [ '1.0.2' ],
17 silly audit   canvg: [ '3.0.11' ],
17 silly audit   chokidar: [ '4.0.3' ],
17 silly audit   'combined-stream': [ '1.0.8' ],
17 silly audit   'core-js': [ '3.49.0' ],
17 silly audit   'css-line-break': [ '2.1.0' ],
17 silly audit   csstype: [ '3.2.3' ],
17 silly audit   dayjs: [ '1.11.20' ],
17 silly audit   'delayed-stream': [ '1.0.0' ],
17 silly audit   'detect-libc': [ '2.1.2' ],
17 silly audit   dompurify: [ '3.4.5' ],
17 silly audit   'dunder-proto': [ '1.0.1' ],
17 silly audit   echarts: [ '5.6.0' ],
17 silly audit   'element-plus': [ '2.14.0' ],
17 silly audit   entities: [ '7.0.1' ],
17 silly audit   'es-define-property': [ '1.0.1' ],
17 silly audit   'es-errors': [ '1.3.0' ],
17 silly audit   'es-object-atoms': [ '1.1.1' ],
17 silly audit   'es-set-tostringtag': [ '2.1.0' ],
17 silly audit   esbuild: [ '0.18.20' ],
17 silly audit   'estree-walker': [ '2.0.2' ],
17 silly audit   'fast-png': [ '6.4.0' ],
17 silly audit   fflate: [ '0.8.3' ],
17 silly audit   'follow-redirects': [ '1.16.0' ],
17 silly audit   'form-data': [ '4.0.5' ],
17 silly audit   fsevents: [ '2.3.3' ],
17 silly audit   'function-bind': [ '1.1.2' ],
17 silly audit   'get-intrinsic': [ '1.3.0' ],
17 silly audit   'get-proto': [ '1.0.1' ],
17 silly audit   gopd: [ '1.2.0' ],
17 silly audit   'has-symbols': [ '1.1.0' ],
17 silly audit   'has-tostringtag': [ '1.0.2' ],
17 silly audit   hasown: [ '2.0.3' ],
17 silly audit   html2canvas: [ '1.4.1' ],
17 silly audit   immutable: [ '5.1.5' ],
17 silly audit   iobuffer: [ '5.4.0' ],
17 silly audit   'is-extglob': [ '2.1.1' ],
17 silly audit   'is-glob': [ '4.0.3' ],
17 silly audit   jspdf: [ '4.2.1' ],
17 silly audit   lodash: [ '4.18.1' ],
17 silly audit   'lodash-es': [ '4.18.1' ],
17 silly audit   'lodash-unified': [ '1.0.3' ],
17 silly audit   'magic-string': [ '0.30.21' ],
17 silly audit   'math-intrinsics': [ '1.1.0' ],
17 silly audit   'memoize-one': [ '6.0.0' ],
17 silly audit   'mime-db': [ '1.52.0' ],
17 silly audit   'mime-types': [ '2.1.35' ],
17 silly audit   nanoid: [ '3.3.12' ],
17 silly audit   'node-addon-api': [ '7.1.1' ],
17 silly audit   'normalize-wheel-es': [ '1.2.0' ],
17 silly audit   pako: [ '2.1.0' ],
17 silly audit   'performance-now': [ '2.1.0' ],
17 silly audit   picocolors: [ '1.1.1' ],
17 silly audit   picomatch: [ '4.0.4' ],
17 silly audit   pinia: [ '2.3.1' ],
17 silly audit   postcss: [ '8.5.14' ],
17 silly audit   'proxy-from-env': [ '2.1.0' ],
17 silly audit   raf: [ '3.4.1' ],
17 silly audit   readdirp: [ '4.1.2' ],
17 silly audit   'regenerator-runtime': [ '0.13.11' ],
17 silly audit   rgbcolor: [ '1.0.1' ],
17 silly audit   rollup: [ '3.30.0' ],
17 silly audit   sass: [ '1.99.0' ],
17 silly audit   'source-map-js': [ '1.2.1' ],
17 silly audit   'stackblur-canvas': [ '2.7.0' ],
17 silly audit   'svg-pathdata': [ '6.0.3' ],
17 silly audit   'text-segmentation': [ '1.0.3' ],
17 silly audit   three: [ '0.184.0' ],
17 silly audit   tslib: [ '2.3.0' ],
17 silly audit   utrie: [ '1.0.2' ],
17 silly audit   vite: [ '4.5.14' ],
17 silly audit   vue: [ '3.5.34' ],
17 silly audit   'vue-component-type-helpers': [ '3.2.8' ],
17 silly audit   'vue-demi': [ '0.14.10' ],
17 silly audit   'vue-router': [ '4.6.4' ],
17 silly audit   zrender: [ '5.6.1' ]
17 silly audit }
18 http cache text-segmentation@https://registry.npmjs.org/text-segmentation/-/text-segmentation-1.0.3.tgz 0ms (cache hit)
19 http cache svg-pathdata@https://registry.npmjs.org/svg-pathdata/-/svg-pathdata-6.0.3.tgz 0ms (cache hit)
20 http cache utrie@https://registry.npmjs.org/utrie/-/utrie-1.0.2.tgz 0ms (cache hit)
21 http cache stackblur-canvas@https://registry.npmjs.org/stackblur-canvas/-/stackblur-canvas-2.7.0.tgz 0ms (cache hit)
22 http cache rgbcolor@https://registry.npmjs.org/rgbcolor/-/rgbcolor-1.0.1.tgz 0ms (cache hit)
23 http cache performance-now@https://registry.npmjs.org/performance-now/-/performance-now-2.1.0.tgz 0ms (cache hit)
24 http cache regenerator-runtime@https://registry.npmjs.org/regenerator-runtime/-/regenerator-runtime-0.13.11.tgz 0ms (cache hit)
25 http cache jspdf@https://registry.npmjs.org/jspdf/-/jspdf-4.2.1.tgz 0ms (cache hit)
26 http cache raf@https://registry.npmjs.org/raf/-/raf-3.4.1.tgz 0ms (cache hit)
27 http cache iobuffer@https://registry.npmjs.org/iobuffer/-/iobuffer-5.4.0.tgz 0ms (cache hit)
28 http cache pako@https://registry.npmjs.org/pako/-/pako-2.1.0.tgz 0ms (cache hit)
29 http cache html2canvas@https://registry.npmjs.org/html2canvas/-/html2canvas-1.4.1.tgz 0ms (cache hit)
30 http cache fflate@https://registry.npmjs.org/fflate/-/fflate-0.8.3.tgz 0ms (cache hit)
31 http cache fast-png@https://registry.npmjs.org/fast-png/-/fast-png-6.4.0.tgz 0ms (cache hit)
32 http cache dompurify@https://registry.npmjs.org/dompurify/-/dompurify-3.4.5.tgz 0ms (cache hit)
33 http cache canvg@https://registry.npmjs.org/canvg/-/canvg-3.0.11.tgz 0ms (cache hit)
34 http cache css-line-break@https://registry.npmjs.org/css-line-break/-/css-line-break-2.1.0.tgz 0ms (cache hit)
35 http cache @types/trusted-types@https://registry.npmjs.org/@types/trusted-types/-/trusted-types-2.0.7.tgz 0ms (cache hit)
36 http cache core-js@https://registry.npmjs.org/core-js/-/core-js-3.49.0.tgz 0ms (cache hit)
37 http cache base64-arraybuffer@https://registry.npmjs.org/base64-arraybuffer/-/base64-arraybuffer-1.0.2.tgz 0ms (cache hit)
38 http cache @types/raf@https://registry.npmjs.org/@types/raf/-/raf-3.4.3.tgz 0ms (cache hit)
39 http cache @types/pako@https://registry.npmjs.org/@types/pako/-/pako-2.0.4.tgz 0ms (cache hit)
40 http cache @mediapipe/hands@https://registry.npmjs.org/@mediapipe/hands/-/hands-0.4.1675469240.tgz 0ms (cache hit)
41 http cache @mediapipe/drawing_utils@https://registry.npmjs.org/@mediapipe/drawing_utils/-/drawing_utils-0.3.1675466124.tgz 0ms (cache hit)
42 http cache @mediapipe/camera_utils@https://registry.npmjs.org/@mediapipe/camera_utils/-/camera_utils-0.3.1675466862.tgz 0ms (cache hit)
43 http cache @babel/runtime@https://registry.npmjs.org/@babel/runtime/-/runtime-7.29.2.tgz 0ms (cache hit)
44 http fetch POST 200 https://registry.npmjs.org/-/npm/v1/security/advisories/bulk 2072ms
45 silly audit report {
45 silly audit report   esbuild: [
45 silly audit report     {
45 silly audit report       id: 1102341,
45 silly audit report       url: 'https://github.com/advisories/GHSA-67mh-4wv8-2f99',
45 silly audit report       title: 'esbuild enables any website to send any requests to the development server and read the response',
45 silly audit report       severity: 'moderate',
45 silly audit report       vulnerable_versions: '<=0.24.2',
45 silly audit report       cwe: [Array],
45 silly audit report       cvss: [Object]
45 silly audit report     }
45 silly audit report   ],
45 silly audit report   vite: [
45 silly audit report     {
45 silly audit report       id: 1107323,
45 silly audit report       url: 'https://github.com/advisories/GHSA-g4jq-h2w9-997c',
45 silly audit report       title: 'Vite middleware may serve files starting with the same name with the public directory',
45 silly audit report       severity: 'low',
45 silly audit report       vulnerable_versions: '<=5.4.19',
45 silly audit report       cwe: [Array],
45 silly audit report       cvss: [Object]
45 silly audit report     },
45 silly audit report     {
45 silly audit report       id: 1107327,
45 silly audit report       url: 'https://github.com/advisories/GHSA-jqfw-vq24-v9c3',
45 silly audit report       title: "Vite's `server.fs` settings were not applied to HTML files",
45 silly audit report       severity: 'low',
45 silly audit report       vulnerable_versions: '<=5.4.19',
45 silly audit report       cwe: [Array],
45 silly audit report       cvss: [Object]
45 silly audit report     },
45 silly audit report     {
45 silly audit report       id: 1109132,
45 silly audit report       url: 'https://github.com/advisories/GHSA-93m4-6634-74q7',
45 silly audit report       title: 'vite allows server.fs.deny bypass via backslash on Windows',
45 silly audit report       severity: 'moderate',
45 silly audit report       vulnerable_versions: '>=4.5.3 <5.0.0',
45 silly audit report       cwe: [Array],
45 silly audit report       cvss: [Object]
45 silly audit report     },
45 silly audit report     {
45 silly audit report       id: 1116229,
45 silly audit report       url: 'https://github.com/advisories/GHSA-4w7w-66w2-5vf9',
45 silly audit report       title: 'Vite Vulnerable to Path Traversal in Optimized Deps `.map` Handling',
45 silly audit report       severity: 'moderate',
45 silly audit report       vulnerable_versions: '<=6.4.1',
45 silly audit report       cwe: [Array],
45 silly audit report       cvss: [Object]
45 silly audit report     }
45 silly audit report   ]
45 silly audit report }
46 silly packumentCache corgi:https://registry.npmjs.org/esbuild cache-miss
47 silly packumentCache corgi:https://registry.npmjs.org/vite cache-miss
48 http fetch GET 200 https://registry.npmjs.org/vite 252ms (cache revalidated)
49 silly packumentCache corgi:https://registry.npmjs.org/vite set size:2249718 disposed:false
50 info run core-js@3.49.0 postinstall node_modules/core-js node -e "try{require('./postinstall')}catch(e){}"
51 info run core-js@3.49.0 postinstall { code: 0, signal: null }
52 http fetch GET 200 https://registry.npmjs.org/esbuild 3455ms (cache revalidated)
53 silly packumentCache corgi:https://registry.npmjs.org/esbuild set size:885757 disposed:false
54 silly packumentCache corgi:https://registry.npmjs.org/@vitejs%2fplugin-vue cache-miss
55 http fetch GET 200 https://registry.npmjs.org/@vitejs%2fplugin-vue 306ms (cache revalidated)
56 silly packumentCache corgi:https://registry.npmjs.org/@vitejs%2fplugin-vue set size:173841 disposed:false
57 silly ADD node_modules/utrie
58 silly ADD node_modules/text-segmentation
59 silly ADD node_modules/svg-pathdata
60 silly ADD node_modules/stackblur-canvas
61 silly ADD node_modules/rgbcolor
62 silly ADD node_modules/regenerator-runtime
63 silly ADD node_modules/raf
64 silly ADD node_modules/performance-now
65 silly ADD node_modules/pako
66 silly ADD node_modules/jspdf
67 silly ADD node_modules/iobuffer
68 silly ADD node_modules/html2canvas
69 silly ADD node_modules/fflate
70 silly ADD node_modules/fast-png
71 silly ADD node_modules/dompurify
72 silly ADD node_modules/css-line-break
73 silly ADD node_modules/core-js
74 silly ADD node_modules/canvg
75 silly ADD node_modules/base64-arraybuffer
76 silly ADD node_modules/@types/trusted-types
77 silly ADD node_modules/@types/raf
78 silly ADD node_modules/@types/pako
79 silly ADD node_modules/@mediapipe/hands
80 silly ADD node_modules/@mediapipe/drawing_utils
81 silly ADD node_modules/@mediapipe/camera_utils
82 silly ADD node_modules/@babel/runtime
83 verbose cwd D:\github\Memento\memento-ai-frontend
84 verbose os Windows_NT 10.0.26200
85 verbose node v24.14.1
86 verbose npm  v11.11.0
87 verbose exit 0
88 info ok
